<?xml version="1.0" encoding="UTF-8"?>
<!-- Generated by org.testng.reporters.JUnitReportReporter -->
<testsuite skipped="0" hostname="EMEA-TUN-LP0975" name="UserManagerTest" tests="1" failures="0" timestamp="01 fÃ©vr. 2024 13:20:19 GMT" time="0.009" errors="0">
  <testcase name="test_successful_added_user" time="0.009" classname="UserManagerTest"/>
</testsuite> <!-- UserManagerTest -->
