<?xml version="1.0" encoding="UTF-8"?>
<!-- Generated by org.testng.reporters.JUnitReportReporter -->
<testsuite skipped="0" hostname="EMEA-TUN-LP0975" name="unit.sanity.UnitSanityTests" tests="2" failures="0" timestamp="22 janv. 2024 17:34:52 GMT" time="0.004" errors="0">
  <testcase name="sanityStorageGetsCreatedANdIsEmpty" time="0.002" classname="unit.sanity.UnitSanityTests"/>
  <testcase name="sanityTest2" time="0.002" classname="unit.sanity.UnitSanityTests"/>
</testsuite> <!-- unit.sanity.UnitSanityTests -->
