<?xml version="1.0" encoding="UTF-8"?>
<!-- Generated by org.testng.reporters.JUnitReportReporter -->
<testsuite skipped="0" hostname="EMEA-TUN-LP0975" name="unit.DisabledTest" tests="2" failures="0" timestamp="22 janv. 2024 17:34:53 GMT" time="0.000" errors="0">
  <testcase name="unstableTest1" time="0.000" classname="unit.DisabledTest"/>
  <testcase name="unstableTest2" time="0.000" classname="unit.DisabledTest"/>
</testsuite> <!-- unit.DisabledTest -->
